<?xml version="1.0" encoding="UTF-8"?>
<testsuite name="com.bridgelabz.exceptionhandling.MoodRefactorTest" tests="2" skipped="0" failures="0" errors="0" timestamp="2023-02-09T02:44:10" hostname="GAMPA-SAIKUMAR" time="0.014">
  <properties/>
  <testcase name="analyseMoodRepeatTc1()" classname="com.bridgelabz.exceptionhandling.MoodRefactorTest" time="0.013"/>
  <testcase name="analyseMoodRepeatTc2()" classname="com.bridgelabz.exceptionhandling.MoodRefactorTest" time="0.0"/>
  <system-out><![CDATA[]]></system-out>
  <system-err><![CDATA[]]></system-err>
</testsuite>
